# JRE version: OpenJDK Runtime Environment (21.0.5) (build 21.0.5+-13047016-b750.29)
# Java VM: OpenJDK 64-Bit Server VM (21.0.5+-13047016-b750.29, mixed mode, tiered, compressed oops, compressed class ptrs, g1 gc, windows-amd64)
GC Precious Log:
 CardTable entry size: 512
 Card Set container configuration: InlinePtr #cards 5 size 8 Array Of Cards #cards 12 size 40 Howl #buckets 4 coarsen threshold 1843 Howl Bitmap #cards 512 size 80 coarsen threshold 460 Card regions per heap region 1 cards per card region 2048
 CPUs: 8 total, 8 available
 Memory: 7834M
 Large Page Support: Disabled
 NUMA Support: Disabled
 Compressed Oops: Enabled (32-bit)
 Heap Region Size: 1M
 Heap Min Capacity: 8M
 Heap Initial Capacity: 124M
 Heap Max Capacity: 2G
 Pre-touch: Disabled
 Parallel Workers: 8
 Concurrent Workers: 2
 Concurrent Refinement Workers: 8
 Periodic GC: Disabled
Heap:
 garbage-first heap   total 387072K, used 226641K [0x0000000080000000, 0x0000000100000000)
  region size 1024K, 50 young (51200K), 13 survivors (13312K)
 Metaspace       used 152335K, committed 154624K, reserved 1245184K
  class space    used 19206K, committed 20352K, reserved 1048576K
GC Heap History (20 events):
Event: 70.694 GC heap before
{Heap before GC invocations=59 (full 0):
 garbage-first heap   total 322560K, used 264033K [0x0000000080000000, 0x0000000100000000)
  region size 1024K, 80 young (81920K), 11 survivors (11264K)
 Metaspace       used 151958K, committed 154240K, reserved 1245184K
  class space    used 19203K, committed 20352K, reserved 1048576K
}
Event: 70.717 GC heap after
{Heap after GC invocations=60 (full 0):
 garbage-first heap   total 322560K, used 196097K [0x0000000080000000, 0x0000000100000000)
  region size 1024K, 3 young (3072K), 3 survivors (3072K)
 Metaspace       used 151958K, committed 154240K, reserved 1245184K
  class space    used 19203K, committed 20352K, reserved 1048576K
}
Event: 71.112 GC heap before
{Heap before GC invocations=60 (full 0):
 garbage-first heap   total 322560K, used 269825K [0x0000000080000000, 0x0000000100000000)
  region size 1024K, 76 young (77824K), 3 survivors (3072K)
 Metaspace       used 152028K, committed 154304K, reserved 1245184K
  class space    used 19204K, committed 20352K, reserved 1048576K
}
Event: 71.115 GC heap after
{Heap after GC invocations=61 (full 0):
 garbage-first heap   total 322560K, used 195250K [0x0000000080000000, 0x0000000100000000)
  region size 1024K, 2 young (2048K), 2 survivors (2048K)
 Metaspace       used 152028K, committed 154304K, reserved 1245184K
  class space    used 19204K, committed 20352K, reserved 1048576K
}
Event: 71.683 GC heap before
{Heap before GC invocations=62 (full 0):
 garbage-first heap   total 322560K, used 271026K [0x0000000080000000, 0x0000000100000000)
  region size 1024K, 79 young (80896K), 2 survivors (2048K)
 Metaspace       used 152084K, committed 154368K, reserved 1245184K
  class space    used 19204K, committed 20352K, reserved 1048576K
}
Event: 71.689 GC heap after
{Heap after GC invocations=63 (full 0):
 garbage-first heap   total 322560K, used 193790K [0x0000000080000000, 0x0000000100000000)
  region size 1024K, 4 young (4096K), 4 survivors (4096K)
 Metaspace       used 152084K, committed 154368K, reserved 1245184K
  class space    used 19204K, committed 20352K, reserved 1048576K
}
Event: 72.161 GC heap before
{Heap before GC invocations=63 (full 0):
 garbage-first heap   total 322560K, used 283902K [0x0000000080000000, 0x0000000100000000)
  region size 1024K, 92 young (94208K), 4 survivors (4096K)
 Metaspace       used 152133K, committed 154432K, reserved 1245184K
  class space    used 19204K, committed 20352K, reserved 1048576K
}
Event: 72.167 GC heap after
{Heap after GC invocations=64 (full 0):
 garbage-first heap   total 322560K, used 192122K [0x0000000080000000, 0x0000000100000000)
  region size 1024K, 4 young (4096K), 4 survivors (4096K)
 Metaspace       used 152133K, committed 154432K, reserved 1245184K
  class space    used 19204K, committed 20352K, reserved 1048576K
}
Event: 72.822 GC heap before
{Heap before GC invocations=64 (full 0):
 garbage-first heap   total 322560K, used 290426K [0x0000000080000000, 0x0000000100000000)
  region size 1024K, 101 young (103424K), 4 survivors (4096K)
 Metaspace       used 152167K, committed 154432K, reserved 1245184K
  class space    used 19204K, committed 20352K, reserved 1048576K
}
Event: 72.842 GC heap after
{Heap after GC invocations=65 (full 0):
 garbage-first heap   total 322560K, used 183674K [0x0000000080000000, 0x0000000100000000)
  region size 1024K, 6 young (6144K), 6 survivors (6144K)
 Metaspace       used 152167K, committed 154432K, reserved 1245184K
  class space    used 19204K, committed 20352K, reserved 1048576K
}
Event: 73.370 GC heap before
{Heap before GC invocations=65 (full 0):
 garbage-first heap   total 322560K, used 291194K [0x0000000080000000, 0x0000000100000000)
  region size 1024K, 112 young (114688K), 6 survivors (6144K)
 Metaspace       used 152202K, committed 154432K, reserved 1245184K
  class space    used 19204K, committed 20352K, reserved 1048576K
}
Event: 73.385 GC heap after
{Heap after GC invocations=66 (full 0):
 garbage-first heap   total 387072K, used 188916K [0x0000000080000000, 0x0000000100000000)
  region size 1024K, 11 young (11264K), 11 survivors (11264K)
 Metaspace       used 152202K, committed 154432K, reserved 1245184K
  class space    used 19204K, committed 20352K, reserved 1048576K
}
Event: 74.852 GC heap before
{Heap before GC invocations=67 (full 0):
 garbage-first heap   total 387072K, used 353780K [0x0000000080000000, 0x0000000100000000)
  region size 1024K, 173 young (177152K), 11 survivors (11264K)
 Metaspace       used 152309K, committed 154624K, reserved 1245184K
  class space    used 19206K, committed 20352K, reserved 1048576K
}
Event: 74.867 GC heap after
{Heap after GC invocations=68 (full 0):
 garbage-first heap   total 387072K, used 190588K [0x0000000080000000, 0x0000000100000000)
  region size 1024K, 13 young (13312K), 13 survivors (13312K)
 Metaspace       used 152309K, committed 154624K, reserved 1245184K
  class space    used 19206K, committed 20352K, reserved 1048576K
}
Event: 76.025 GC heap before
{Heap before GC invocations=68 (full 0):
 garbage-first heap   total 387072K, used 352380K [0x0000000080000000, 0x0000000100000000)
  region size 1024K, 171 young (175104K), 13 survivors (13312K)
 Metaspace       used 152316K, committed 154624K, reserved 1245184K
  class space    used 19206K, committed 20352K, reserved 1048576K
}
Event: 76.050 GC heap after
{Heap after GC invocations=69 (full 0):
 garbage-first heap   total 387072K, used 188542K [0x0000000080000000, 0x0000000100000000)
  region size 1024K, 14 young (14336K), 14 survivors (14336K)
 Metaspace       used 152316K, committed 154624K, reserved 1245184K
  class space    used 19206K, committed 20352K, reserved 1048576K
}
Event: 77.105 GC heap before
{Heap before GC invocations=69 (full 0):
 garbage-first heap   total 387072K, used 335998K [0x0000000080000000, 0x0000000100000000)
  region size 1024K, 160 young (163840K), 14 survivors (14336K)
 Metaspace       used 152328K, committed 154624K, reserved 1245184K
  class space    used 19206K, committed 20352K, reserved 1048576K
}
Event: 77.121 GC heap after
{Heap after GC invocations=70 (full 0):
 garbage-first heap   total 387072K, used 187625K [0x0000000080000000, 0x0000000100000000)
  region size 1024K, 12 young (12288K), 12 survivors (12288K)
 Metaspace       used 152328K, committed 154624K, reserved 1245184K
  class space    used 19206K, committed 20352K, reserved 1048576K
}
Event: 77.998 GC heap before
{Heap before GC invocations=71 (full 0):
 garbage-first heap   total 387072K, used 357609K [0x0000000080000000, 0x0000000100000000)
  region size 1024K, 174 young (178176K), 12 survivors (12288K)
 Metaspace       used 152331K, committed 154624K, reserved 1245184K
  class space    used 19206K, committed 20352K, reserved 1048576K
}
Event: 78.015 GC heap after
{Heap after GC invocations=72 (full 0):
 garbage-first heap   total 387072K, used 189777K [0x0000000080000000, 0x0000000100000000)
  region size 1024K, 13 young (13312K), 13 survivors (13312K)
 Metaspace       used 152331K, committed 154624K, reserved 1245184K
  class space    used 19206K, committed 20352K, reserved 1048576K
}

